<?xml version="1.0" encoding="UTF-8" ?>
<testsuite tests="6" failures="0" name="com.ss.flooringmastery.dao.OrderDaoTest" time="0.025" errors="0" skipped="0">
  <properties>
[...]
</properties>
  <testcase classname="com.ss.flooringmastery.dao.OrderDaoTest" name="com.ss.flooringmastery.dao.OrderDaoTest.testAddOrder" time="0.024"/>
  <testcase classname="com.ss.flooringmastery.dao.OrderDaoTest" name="com.ss.flooringmastery.dao.OrderDaoTest.testRemoveOrder" time="0"/>
  <testcase classname="com.ss.flooringmastery.dao.OrderDaoTest" name="com.ss.flooringmastery.dao.OrderDaoTest.testGetAllOrders" time="0"/>
  <testcase classname="com.ss.flooringmastery.dao.OrderDaoTest" name="com.ss.flooringmastery.dao.OrderDaoTest.testGetOrder" time="0.001"/>
  <testcase classname="com.ss.flooringmastery.dao.OrderDaoTest" name="com.ss.flooringmastery.dao.OrderDaoTest.testEditOrder" time="0"/>
  <testcase classname="com.ss.flooringmastery.dao.OrderDaoTest" name="com.ss.flooringmastery.dao.OrderDaoTest.testSaveOrder" time="0"/>
</testsuite>